{"id":"192.168.127.95.tm152568217944600001","wasCommitted":true,"participants":[{"uri":"192.168.127.95.tm1","state":"COMMITTING","expires":1525682189588,"resourceName":"atomikosConnectionFactoryCustomBeanAPI"}]}
{"id":"192.168.127.95.tm152568217944600001","wasCommitted":true,"participants":[{"uri":"192.168.127.95.tm1","state":"TERMINATED","expires":1525682190803,"resourceName":"atomikosConnectionFactoryCustomBeanAPI"}]}
{"id":"192.168.127.95.tm152568218090300002","wasCommitted":true,"participants":[{"uri":"192.168.127.95.tm2","state":"COMMITTING","expires":1525682190919,"resourceName":"atomikosConnectionFactoryCustomBeanAPI"}]}
{"id":"192.168.127.95.tm152568218090300002","wasCommitted":true,"participants":[{"uri":"192.168.127.95.tm2","state":"TERMINATED","expires":1525682191819,"resourceName":"atomikosConnectionFactoryCustomBeanAPI"}]}
{"id":"192.168.127.95.tm152568218191900003","wasCommitted":true,"participants":[{"uri":"192.168.127.95.tm3","state":"COMMITTING","expires":1525682191936,"resourceName":"atomikosConnectionFactoryCustomBeanAPI"}]}
{"id":"192.168.127.95.tm152568218191900003","wasCommitted":true,"participants":[{"uri":"192.168.127.95.tm3","state":"TERMINATED","expires":1525682192836,"resourceName":"atomikosConnectionFactoryCustomBeanAPI"}]}
{"id":"192.168.127.95.tm152568218293600004","wasCommitted":true,"participants":[{"uri":"192.168.127.95.tm4","state":"COMMITTING","expires":1525682192973,"resourceName":"atomikosConnectionFactoryCustomBeanAPI"}]}
{"id":"192.168.127.95.tm152568218293600004","wasCommitted":true,"participants":[{"uri":"192.168.127.95.tm4","state":"TERMINATED","expires":1525682193873,"resourceName":"atomikosConnectionFactoryCustomBeanAPI"}]}
{"id":"192.168.127.95.tm152568218397300005","wasCommitted":true,"participants":[{"uri":"192.168.127.95.tm5","state":"COMMITTING","expires":1525682194005,"resourceName":"atomikosConnectionFactoryCustomBeanAPI"}]}
{"id":"192.168.127.95.tm152568218397300005","wasCommitted":true,"participants":[{"uri":"192.168.127.95.tm5","state":"TERMINATED","expires":1525682194907,"resourceName":"atomikosConnectionFactoryCustomBeanAPI"}]}
{"id":"192.168.127.95.tm152568218500800006","wasCommitted":true,"participants":[{"uri":"192.168.127.95.tm6","state":"COMMITTING","expires":1525682195019,"resourceName":"atomikosConnectionFactoryCustomBeanAPI"}]}
{"id":"192.168.127.95.tm152568218500800006","wasCommitted":true,"participants":[{"uri":"192.168.127.95.tm6","state":"TERMINATED","expires":1525682195919,"resourceName":"atomikosConnectionFactoryCustomBeanAPI"}]}
{"id":"192.168.127.95.tm152568218601900007","wasCommitted":true,"participants":[{"uri":"192.168.127.95.tm7","state":"COMMITTING","expires":1525682196019,"resourceName":"atomikosConnectionFactoryCustomBeanAPI"}]}
{"id":"192.168.127.95.tm152568218601900007","wasCommitted":true,"participants":[{"uri":"192.168.127.95.tm7","state":"TERMINATED","expires":1525682196920,"resourceName":"atomikosConnectionFactoryCustomBeanAPI"}]}
{"id":"192.168.127.95.tm152568218702100008","wasCommitted":true,"participants":[{"uri":"192.168.127.95.tm8","state":"COMMITTING","expires":1525682197035,"resourceName":"atomikosConnectionFactoryCustomBeanAPI"}]}
{"id":"192.168.127.95.tm152568218702100008","wasCommitted":true,"participants":[{"uri":"192.168.127.95.tm8","state":"TERMINATED","expires":1525682197937,"resourceName":"atomikosConnectionFactoryCustomBeanAPI"}]}
{"id":"192.168.127.95.tm152568218803700009","wasCommitted":true,"participants":[{"uri":"192.168.127.95.tm9","state":"COMMITTING","expires":1525682198041,"resourceName":"atomikosConnectionFactoryCustomBeanAPI"}]}
{"id":"192.168.127.95.tm152568218803700009","wasCommitted":true,"participants":[{"uri":"192.168.127.95.tm9","state":"TERMINATED","expires":1525682199092,"resourceName":"atomikosConnectionFactoryCustomBeanAPI"}]}
{"id":"192.168.127.95.tm152568218919200010","wasCommitted":true,"participants":[{"uri":"192.168.127.95.tm10","state":"COMMITTING","expires":1525682199156,"resourceName":"atomikosConnectionFactoryCustomBeanAPI"}]}
{"id":"192.168.127.95.tm152568218919200010","wasCommitted":true,"participants":[{"uri":"192.168.127.95.tm10","state":"TERMINATED","expires":1525682200207,"resourceName":"atomikosConnectionFactoryCustomBeanAPI"}]}
{"id":"192.168.127.95.tm152568219030900011","wasCommitted":true,"participants":[{"uri":"192.168.127.95.tm11","state":"COMMITTING","expires":1525682200221,"resourceName":"atomikosConnectionFactoryCustomBeanAPI"}]}
{"id":"192.168.127.95.tm152568219030900011","wasCommitted":true,"participants":[{"uri":"192.168.127.95.tm11","state":"TERMINATED","expires":1525682201271,"resourceName":"atomikosConnectionFactoryCustomBeanAPI"}]}
{"id":"192.168.127.95.tm152568219137200012","wasCommitted":true,"participants":[{"uri":"192.168.127.95.tm12","state":"COMMITTING","expires":1525682201418,"resourceName":"atomikosConnectionFactoryCustomBeanAPI"}]}
{"id":"192.168.127.95.tm152568219137200012","wasCommitted":true,"participants":[{"uri":"192.168.127.95.tm12","state":"TERMINATED","expires":1525682202320,"resourceName":"atomikosConnectionFactoryCustomBeanAPI"}]}
{"id":"192.168.127.95.tm152568219242100013","wasCommitted":true,"participants":[{"uri":"192.168.127.95.tm13","state":"COMMITTING","expires":1525682202424,"resourceName":"atomikosConnectionFactoryCustomBeanAPI"}]}
{"id":"192.168.127.95.tm152568219242100013","wasCommitted":true,"participants":[{"uri":"192.168.127.95.tm13","state":"TERMINATED","expires":1525682203325,"resourceName":"atomikosConnectionFactoryCustomBeanAPI"}]}
{"id":"192.168.127.95.tm152568219342600014","wasCommitted":true,"participants":[{"uri":"192.168.127.95.tm14","state":"COMMITTING","expires":1525682203457,"resourceName":"atomikosConnectionFactoryCustomBeanAPI"}]}
{"id":"192.168.127.95.tm152568219342600014","wasCommitted":true,"participants":[{"uri":"192.168.127.95.tm14","state":"TERMINATED","expires":1525682204357,"resourceName":"atomikosConnectionFactoryCustomBeanAPI"}]}
{"id":"192.168.127.95.tm152568219445700015","wasCommitted":true,"participants":[{"uri":"192.168.127.95.tm15","state":"COMMITTING","expires":1525682204485,"resourceName":"atomikosConnectionFactoryCustomBeanAPI"}]}
{"id":"192.168.127.95.tm152568219445700015","wasCommitted":true,"participants":[{"uri":"192.168.127.95.tm15","state":"TERMINATED","expires":1525682205385,"resourceName":"atomikosConnectionFactoryCustomBeanAPI"}]}
{"id":"192.168.127.95.tm152568219548500016","wasCommitted":true,"participants":[{"uri":"192.168.127.95.tm16","state":"COMMITTING","expires":1525682205508,"resourceName":"atomikosConnectionFactoryCustomBeanAPI"}]}
{"id":"192.168.127.95.tm152568219548500016","wasCommitted":true,"participants":[{"uri":"192.168.127.95.tm16","state":"TERMINATED","expires":1525682206408,"resourceName":"atomikosConnectionFactoryCustomBeanAPI"}]}
{"id":"192.168.127.95.tm152568219650800017","wasCommitted":true,"participants":[{"uri":"192.168.127.95.tm17","state":"COMMITTING","expires":1525682206509,"resourceName":"atomikosConnectionFactoryCustomBeanAPI"}]}
{"id":"192.168.127.95.tm152568219650800017","wasCommitted":true,"participants":[{"uri":"192.168.127.95.tm17","state":"TERMINATED","expires":1525682207410,"resourceName":"atomikosConnectionFactoryCustomBeanAPI"}]}
{"id":"192.168.127.95.tm152568219751000018","wasCommitted":true,"participants":[{"uri":"192.168.127.95.tm18","state":"COMMITTING","expires":1525682207520,"resourceName":"atomikosConnectionFactoryCustomBeanAPI"}]}
{"id":"192.168.127.95.tm152568219751000018","wasCommitted":true,"participants":[{"uri":"192.168.127.95.tm18","state":"TERMINATED","expires":1525682208421,"resourceName":"atomikosConnectionFactoryCustomBeanAPI"}]}
{"id":"192.168.127.95.tm152568219852200019","wasCommitted":true,"participants":[{"uri":"192.168.127.95.tm19","state":"COMMITTING","expires":1525682208529,"resourceName":"atomikosConnectionFactoryCustomBeanAPI"}]}
{"id":"192.168.127.95.tm152568219852200019","wasCommitted":true,"participants":[{"uri":"192.168.127.95.tm19","state":"TERMINATED","expires":1525682209430,"resourceName":"atomikosConnectionFactoryCustomBeanAPI"}]}
{"id":"192.168.127.95.tm152568219953100020","wasCommitted":true,"participants":[{"uri":"192.168.127.95.tm20","state":"COMMITTING","expires":1525682209553,"resourceName":"atomikosConnectionFactoryCustomBeanAPI"}]}
{"id":"192.168.127.95.tm152568219953100020","wasCommitted":true,"participants":[{"uri":"192.168.127.95.tm20","state":"TERMINATED","expires":1525682210453,"resourceName":"atomikosConnectionFactoryCustomBeanAPI"}]}
{"id":"192.168.127.95.tm152568220055300021","wasCommitted":true,"participants":[{"uri":"192.168.127.95.tm21","state":"COMMITTING","expires":1525682210554,"resourceName":"atomikosConnectionFactoryCustomBeanAPI"}]}
{"id":"192.168.127.95.tm152568220055300021","wasCommitted":true,"participants":[{"uri":"192.168.127.95.tm21","state":"TERMINATED","expires":1525682211456,"resourceName":"atomikosConnectionFactoryCustomBeanAPI"}]}
{"id":"192.168.127.95.tm152568220137300022","wasCommitted":true,"participants":[{"uri":"192.168.127.95.tm23","state":"COMMITTING","expires":1525682211379,"resourceName":"postgresDatasourceCustomBean"}]}
{"id":"192.168.127.95.tm152568220137300022","wasCommitted":true,"participants":[{"uri":"192.168.127.95.tm23","state":"TERMINATED","expires":1525682211981,"resourceName":"postgresDatasourceCustomBean"}]}
{"id":"192.168.127.95.tm152568220155700023","wasCommitted":true,"participants":[{"uri":"192.168.127.95.tm22","state":"COMMITTING","expires":1525682211485,"resourceName":"atomikosConnectionFactoryCustomBeanAPI"}]}
{"id":"192.168.127.95.tm152568220155700023","wasCommitted":true,"participants":[{"uri":"192.168.127.95.tm22","state":"TERMINATED","expires":1525682212536,"resourceName":"atomikosConnectionFactoryCustomBeanAPI"}]}
{"id":"192.168.127.95.tm152568220263700024","wasCommitted":true,"participants":[{"uri":"192.168.127.95.tm24","state":"COMMITTING","expires":1525682212670,"resourceName":"atomikosConnectionFactoryCustomBeanAPI"}]}
{"id":"192.168.127.95.tm152568220263700024","wasCommitted":true,"participants":[{"uri":"192.168.127.95.tm24","state":"TERMINATED","expires":1525682213570,"resourceName":"atomikosConnectionFactoryCustomBeanAPI"}]}
{"id":"192.168.127.95.tm152568220367000025","wasCommitted":true,"participants":[{"uri":"192.168.127.95.tm25","state":"COMMITTING","expires":1525682213691,"resourceName":"atomikosConnectionFactoryCustomBeanAPI"}]}
{"id":"192.168.127.95.tm152568220367000025","wasCommitted":true,"participants":[{"uri":"192.168.127.95.tm25","state":"TERMINATED","expires":1525682214591,"resourceName":"atomikosConnectionFactoryCustomBeanAPI"}]}
{"id":"192.168.127.95.tm152568220469100026","wasCommitted":true,"participants":[{"uri":"192.168.127.95.tm26","state":"COMMITTING","expires":1525682214692,"resourceName":"atomikosConnectionFactoryCustomBeanAPI"}]}
{"id":"192.168.127.95.tm152568220469100026","wasCommitted":true,"participants":[{"uri":"192.168.127.95.tm26","state":"TERMINATED","expires":1525682215592,"resourceName":"atomikosConnectionFactoryCustomBeanAPI"}]}
{"id":"192.168.127.95.tm152568220601800028","wasCommitted":true,"participants":[{"uri":"192.168.127.95.tm28","state":"COMMITTING","expires":1525682215920,"resourceName":"postgresDatasourceCustomBean"}]}
{"id":"192.168.127.95.tm152568220601800028","wasCommitted":true,"participants":[{"uri":"192.168.127.95.tm28","state":"TERMINATED","expires":1525682215921,"resourceName":"postgresDatasourceCustomBean"}]}
{"id":"192.168.127.95.tm152568220569200027","wasCommitted":true,"participants":[{"uri":"192.168.127.95.tm27","state":"COMMITTING","expires":1525682215724,"resourceName":"atomikosConnectionFactoryCustomBeanAPI"}]}
{"id":"192.168.127.95.tm152568220569200027","wasCommitted":true,"participants":[{"uri":"192.168.127.95.tm27","state":"TERMINATED","expires":1525682216624,"resourceName":"atomikosConnectionFactoryCustomBeanAPI"}]}
{"id":"192.168.127.95.tm152568220672400029","wasCommitted":true,"participants":[{"uri":"192.168.127.95.tm29","state":"COMMITTING","expires":1525682216725,"resourceName":"atomikosConnectionFactoryCustomBeanAPI"}]}
{"id":"192.168.127.95.tm152568220672400029","wasCommitted":true,"participants":[{"uri":"192.168.127.95.tm29","state":"TERMINATED","expires":1525682217625,"resourceName":"atomikosConnectionFactoryCustomBeanAPI"}]}
{"id":"192.168.127.95.tm152568220772500030","wasCommitted":true,"participants":[{"uri":"192.168.127.95.tm30","state":"COMMITTING","expires":1525682217725,"resourceName":"atomikosConnectionFactoryCustomBeanAPI"}]}
{"id":"192.168.127.95.tm152568220772500030","wasCommitted":true,"participants":[{"uri":"192.168.127.95.tm30","state":"TERMINATED","expires":1525682218627,"resourceName":"atomikosConnectionFactoryCustomBeanAPI"}]}
{"id":"192.168.127.95.tm152568220872800031","wasCommitted":true,"participants":[{"uri":"192.168.127.95.tm31","state":"COMMITTING","expires":1525682218766,"resourceName":"atomikosConnectionFactoryCustomBeanAPI"}]}
{"id":"192.168.127.95.tm152568220872800031","wasCommitted":true,"participants":[{"uri":"192.168.127.95.tm31","state":"TERMINATED","expires":1525682219666,"resourceName":"atomikosConnectionFactoryCustomBeanAPI"}]}
{"id":"192.168.127.95.tm152568220976600032","wasCommitted":true,"participants":[{"uri":"192.168.127.95.tm32","state":"COMMITTING","expires":1525682219798,"resourceName":"atomikosConnectionFactoryCustomBeanAPI"}]}
{"id":"192.168.127.95.tm152568220976600032","wasCommitted":true,"participants":[{"uri":"192.168.127.95.tm32","state":"TERMINATED","expires":1525682220698,"resourceName":"atomikosConnectionFactoryCustomBeanAPI"}]}
{"id":"192.168.127.95.tm152568221079800033","wasCommitted":true,"participants":[{"uri":"192.168.127.95.tm33","state":"COMMITTING","expires":1525682220816,"resourceName":"atomikosConnectionFactoryCustomBeanAPI"}]}
{"id":"192.168.127.95.tm152568221079800033","wasCommitted":true,"participants":[{"uri":"192.168.127.95.tm33","state":"TERMINATED","expires":1525682221716,"resourceName":"atomikosConnectionFactoryCustomBeanAPI"}]}
{"id":"192.168.127.95.tm152568221259800035","wasCommitted":true,"participants":[{"uri":"192.168.127.95.tm35","state":"COMMITTING","expires":1525682222502,"resourceName":"postgresDatasourceCustomBean"}]}
{"id":"192.168.127.95.tm152568221259800035","wasCommitted":true,"participants":[{"uri":"192.168.127.95.tm35","state":"TERMINATED","expires":1525682222503,"resourceName":"postgresDatasourceCustomBean"}]}
{"id":"192.168.127.95.tm152568221181600034","wasCommitted":true,"participants":[{"uri":"192.168.127.95.tm34","state":"COMMITTING","expires":1525682221817,"resourceName":"atomikosConnectionFactoryCustomBeanAPI"}]}
{"id":"192.168.127.95.tm152568221181600034","wasCommitted":true,"participants":[{"uri":"192.168.127.95.tm34","state":"TERMINATED","expires":1525682222717,"resourceName":"atomikosConnectionFactoryCustomBeanAPI"}]}
{"id":"192.168.127.95.tm152568221281700036","wasCommitted":true,"participants":[{"uri":"192.168.127.95.tm36","state":"COMMITTING","expires":1525682222855,"resourceName":"atomikosConnectionFactoryCustomBeanAPI"}]}
{"id":"192.168.127.95.tm152568221281700036","wasCommitted":true,"participants":[{"uri":"192.168.127.95.tm36","state":"TERMINATED","expires":1525682223755,"resourceName":"atomikosConnectionFactoryCustomBeanAPI"}]}
{"id":"192.168.127.95.tm152568221385500037","wasCommitted":true,"participants":[{"uri":"192.168.127.95.tm37","state":"COMMITTING","expires":1525682223873,"resourceName":"atomikosConnectionFactoryCustomBeanAPI"}]}
{"id":"192.168.127.95.tm152568221385500037","wasCommitted":true,"participants":[{"uri":"192.168.127.95.tm37","state":"TERMINATED","expires":1525682224773,"resourceName":"atomikosConnectionFactoryCustomBeanAPI"}]}
{"id":"192.168.127.95.tm152568221487300038","wasCommitted":true,"participants":[{"uri":"192.168.127.95.tm38","state":"COMMITTING","expires":1525682224879,"resourceName":"atomikosConnectionFactoryCustomBeanAPI"}]}
{"id":"192.168.127.95.tm152568221487300038","wasCommitted":true,"participants":[{"uri":"192.168.127.95.tm38","state":"TERMINATED","expires":1525682225779,"resourceName":"atomikosConnectionFactoryCustomBeanAPI"}]}
{"id":"192.168.127.95.tm152568221587900039","wasCommitted":true,"participants":[{"uri":"192.168.127.95.tm39","state":"COMMITTING","expires":1525682225879,"resourceName":"atomikosConnectionFactoryCustomBeanAPI"}]}
{"id":"192.168.127.95.tm152568221587900039","wasCommitted":true,"participants":[{"uri":"192.168.127.95.tm39","state":"TERMINATED","expires":1525682226780,"resourceName":"atomikosConnectionFactoryCustomBeanAPI"}]}
{"id":"192.168.127.95.tm152568221688100040","wasCommitted":true,"participants":[{"uri":"192.168.127.95.tm40","state":"COMMITTING","expires":1525682226899,"resourceName":"atomikosConnectionFactoryCustomBeanAPI"}]}
{"id":"192.168.127.95.tm152568221688100040","wasCommitted":true,"participants":[{"uri":"192.168.127.95.tm40","state":"TERMINATED","expires":1525682227799,"resourceName":"atomikosConnectionFactoryCustomBeanAPI"}]}
{"id":"192.168.127.95.tm152568221789900041","wasCommitted":true,"participants":[{"uri":"192.168.127.95.tm41","state":"COMMITTING","expires":1525682227935,"resourceName":"atomikosConnectionFactoryCustomBeanAPI"}]}
{"id":"192.168.127.95.tm152568221789900041","wasCommitted":true,"participants":[{"uri":"192.168.127.95.tm41","state":"TERMINATED","expires":1525682228985,"resourceName":"atomikosConnectionFactoryCustomBeanAPI"}]}
{"id":"192.168.127.95.tm152568221908500042","wasCommitted":true,"participants":[{"uri":"192.168.127.95.tm42","state":"COMMITTING","expires":1525682229088,"resourceName":"atomikosConnectionFactoryCustomBeanAPI"}]}
{"id":"192.168.127.95.tm152568221908500042","wasCommitted":true,"participants":[{"uri":"192.168.127.95.tm42","state":"TERMINATED","expires":1525682229988,"resourceName":"atomikosConnectionFactoryCustomBeanAPI"}]}
{"id":"192.168.127.95.tm152568222008800043","wasCommitted":true,"participants":[{"uri":"192.168.127.95.tm43","state":"COMMITTING","expires":1525682230121,"resourceName":"atomikosConnectionFactoryCustomBeanAPI"}]}
{"id":"192.168.127.95.tm152568222008800043","wasCommitted":true,"participants":[{"uri":"192.168.127.95.tm43","state":"TERMINATED","expires":1525682231021,"resourceName":"atomikosConnectionFactoryCustomBeanAPI"}]}
{"id":"192.168.127.95.tm152568222112100044","wasCommitted":true,"participants":[{"uri":"192.168.127.95.tm44","state":"COMMITTING","expires":1525682231165,"resourceName":"atomikosConnectionFactoryCustomBeanAPI"}]}
{"id":"192.168.127.95.tm152568222112100044","wasCommitted":true,"participants":[{"uri":"192.168.127.95.tm44","state":"TERMINATED","expires":1525682232066,"resourceName":"atomikosConnectionFactoryCustomBeanAPI"}]}
{"id":"192.168.127.95.tm152568222216700045","wasCommitted":true,"participants":[{"uri":"192.168.127.95.tm45","state":"COMMITTING","expires":1525682232191,"resourceName":"atomikosConnectionFactoryCustomBeanAPI"}]}
{"id":"192.168.127.95.tm152568222216700045","wasCommitted":true,"participants":[{"uri":"192.168.127.95.tm45","state":"TERMINATED","expires":1525682233091,"resourceName":"atomikosConnectionFactoryCustomBeanAPI"}]}
{"id":"192.168.127.95.tm152568222319100046","wasCommitted":true,"participants":[{"uri":"192.168.127.95.tm46","state":"COMMITTING","expires":1525682233109,"resourceName":"atomikosConnectionFactoryCustomBeanAPI"}]}
{"id":"192.168.127.95.tm152568222319100046","wasCommitted":true,"participants":[{"uri":"192.168.127.95.tm46","state":"TERMINATED","expires":1525682234159,"resourceName":"atomikosConnectionFactoryCustomBeanAPI"}]}
{"id":"192.168.127.95.tm152568222426000047","wasCommitted":true,"participants":[{"uri":"192.168.127.95.tm47","state":"COMMITTING","expires":1525682234299,"resourceName":"atomikosConnectionFactoryCustomBeanAPI"}]}
{"id":"192.168.127.95.tm152568222426000047","wasCommitted":true,"participants":[{"uri":"192.168.127.95.tm47","state":"TERMINATED","expires":1525682235199,"resourceName":"atomikosConnectionFactoryCustomBeanAPI"}]}
{"id":"192.168.127.95.tm152568222529900048","wasCommitted":true,"participants":[{"uri":"192.168.127.95.tm48","state":"COMMITTING","expires":1525682235299,"resourceName":"atomikosConnectionFactoryCustomBeanAPI"}]}
{"id":"192.168.127.95.tm152568222529900048","wasCommitted":true,"participants":[{"uri":"192.168.127.95.tm48","state":"TERMINATED","expires":1525682236200,"resourceName":"atomikosConnectionFactoryCustomBeanAPI"}]}
{"id":"192.168.127.95.tm152568222630000049","wasCommitted":true,"participants":[{"uri":"192.168.127.95.tm49","state":"COMMITTING","expires":1525682236364,"resourceName":"atomikosConnectionFactoryCustomBeanAPI"}]}
{"id":"192.168.127.95.tm152568222630000049","wasCommitted":true,"participants":[{"uri":"192.168.127.95.tm49","state":"TERMINATED","expires":1525682237264,"resourceName":"atomikosConnectionFactoryCustomBeanAPI"}]}
{"id":"192.168.127.95.tm152568222736400050","wasCommitted":true,"participants":[{"uri":"192.168.127.95.tm50","state":"COMMITTING","expires":1525682237383,"resourceName":"atomikosConnectionFactoryCustomBeanAPI"}]}
{"id":"192.168.127.95.tm152568222736400050","wasCommitted":true,"participants":[{"uri":"192.168.127.95.tm50","state":"TERMINATED","expires":1525682238284,"resourceName":"atomikosConnectionFactoryCustomBeanAPI"}]}
{"id":"192.168.127.95.tm152568222906100052","wasCommitted":true,"participants":[{"uri":"192.168.127.95.tm52","state":"COMMITTING","expires":1525682239067,"resourceName":"postgresDatasourceCustomBean"}]}
{"id":"192.168.127.95.tm152568222906100052","wasCommitted":true,"participants":[{"uri":"192.168.127.95.tm52","state":"TERMINATED","expires":1525682239067,"resourceName":"postgresDatasourceCustomBean"}]}
{"id":"192.168.127.95.tm152568222838500051","wasCommitted":true,"participants":[{"uri":"192.168.127.95.tm51","state":"COMMITTING","expires":1525682238404,"resourceName":"atomikosConnectionFactoryCustomBeanAPI"}]}
{"id":"192.168.127.95.tm152568222838500051","wasCommitted":true,"participants":[{"uri":"192.168.127.95.tm51","state":"TERMINATED","expires":1525682239304,"resourceName":"atomikosConnectionFactoryCustomBeanAPI"}]}
{"id":"192.168.127.95.tm152568222940500053","wasCommitted":true,"participants":[{"uri":"192.168.127.95.tm53","state":"COMMITTING","expires":1525682239438,"resourceName":"atomikosConnectionFactoryCustomBeanAPI"}]}
{"id":"192.168.127.95.tm152568222940500053","wasCommitted":true,"participants":[{"uri":"192.168.127.95.tm53","state":"TERMINATED","expires":1525682240338,"resourceName":"atomikosConnectionFactoryCustomBeanAPI"}]}
{"id":"192.168.127.95.tm152568223043800054","wasCommitted":true,"participants":[{"uri":"192.168.127.95.tm54","state":"COMMITTING","expires":1525682240508,"resourceName":"atomikosConnectionFactoryCustomBeanAPI"}]}
{"id":"192.168.127.95.tm152568223043800054","wasCommitted":true,"participants":[{"uri":"192.168.127.95.tm54","state":"TERMINATED","expires":1525682241408,"resourceName":"atomikosConnectionFactoryCustomBeanAPI"}]}
{"id":"192.168.127.95.tm152568223150800055","wasCommitted":true,"participants":[{"uri":"192.168.127.95.tm55","state":"COMMITTING","expires":1525682241509,"resourceName":"atomikosConnectionFactoryCustomBeanAPI"}]}
{"id":"192.168.127.95.tm152568223150800055","wasCommitted":true,"participants":[{"uri":"192.168.127.95.tm55","state":"TERMINATED","expires":1525682242409,"resourceName":"atomikosConnectionFactoryCustomBeanAPI"}]}
{"id":"192.168.127.95.tm152568223250900056","wasCommitted":true,"participants":[{"uri":"192.168.127.95.tm56","state":"COMMITTING","expires":1525682242525,"resourceName":"atomikosConnectionFactoryCustomBeanAPI"}]}
{"id":"192.168.127.95.tm152568223250900056","wasCommitted":true,"participants":[{"uri":"192.168.127.95.tm56","state":"TERMINATED","expires":1525682243425,"resourceName":"atomikosConnectionFactoryCustomBeanAPI"}]}
{"id":"192.168.127.95.tm152568223352500057","wasCommitted":true,"participants":[{"uri":"192.168.127.95.tm57","state":"COMMITTING","expires":1525682243541,"resourceName":"atomikosConnectionFactoryCustomBeanAPI"}]}
{"id":"192.168.127.95.tm152568223352500057","wasCommitted":true,"participants":[{"uri":"192.168.127.95.tm57","state":"TERMINATED","expires":1525682244441,"resourceName":"atomikosConnectionFactoryCustomBeanAPI"}]}
{"id":"192.168.127.95.tm152568223454100058","wasCommitted":true,"participants":[{"uri":"192.168.127.95.tm58","state":"COMMITTING","expires":1525682244579,"resourceName":"atomikosConnectionFactoryCustomBeanAPI"}]}
{"id":"192.168.127.95.tm152568223454100058","wasCommitted":true,"participants":[{"uri":"192.168.127.95.tm58","state":"TERMINATED","expires":1525682245479,"resourceName":"atomikosConnectionFactoryCustomBeanAPI"}]}
{"id":"192.168.127.95.tm152568223557900059","wasCommitted":true,"participants":[{"uri":"192.168.127.95.tm59","state":"COMMITTING","expires":1525682245601,"resourceName":"atomikosConnectionFactoryCustomBeanAPI"}]}
{"id":"192.168.127.95.tm152568223557900059","wasCommitted":true,"participants":[{"uri":"192.168.127.95.tm59","state":"TERMINATED","expires":1525682246502,"resourceName":"atomikosConnectionFactoryCustomBeanAPI"}]}
{"id":"192.168.127.95.tm152568223660300060","wasCommitted":true,"participants":[{"uri":"192.168.127.95.tm60","state":"COMMITTING","expires":1525682246636,"resourceName":"atomikosConnectionFactoryCustomBeanAPI"}]}
{"id":"192.168.127.95.tm152568223660300060","wasCommitted":true,"participants":[{"uri":"192.168.127.95.tm60","state":"TERMINATED","expires":1525682247536,"resourceName":"atomikosConnectionFactoryCustomBeanAPI"}]}
{"id":"192.168.127.95.tm152568223763600061","wasCommitted":true,"participants":[{"uri":"192.168.127.95.tm61","state":"COMMITTING","expires":1525682247653,"resourceName":"atomikosConnectionFactoryCustomBeanAPI"}]}
{"id":"192.168.127.95.tm152568223763600061","wasCommitted":true,"participants":[{"uri":"192.168.127.95.tm61","state":"TERMINATED","expires":1525682248553,"resourceName":"atomikosConnectionFactoryCustomBeanAPI"}]}
{"id":"192.168.127.95.tm152568223865300062","wasCommitted":true,"participants":[{"uri":"192.168.127.95.tm62","state":"COMMITTING","expires":1525682248669,"resourceName":"atomikosConnectionFactoryCustomBeanAPI"}]}
{"id":"192.168.127.95.tm152568223865300062","wasCommitted":true,"participants":[{"uri":"192.168.127.95.tm62","state":"TERMINATED","expires":1525682249569,"resourceName":"atomikosConnectionFactoryCustomBeanAPI"}]}
{"id":"192.168.127.95.tm152568223966900063","wasCommitted":true,"participants":[{"uri":"192.168.127.95.tm63","state":"COMMITTING","expires":1525682249670,"resourceName":"atomikosConnectionFactoryCustomBeanAPI"}]}
{"id":"192.168.127.95.tm152568223966900063","wasCommitted":true,"participants":[{"uri":"192.168.127.95.tm63","state":"TERMINATED","expires":1525682250570,"resourceName":"atomikosConnectionFactoryCustomBeanAPI"}]}
{"id":"192.168.127.95.tm152568224067000064","wasCommitted":true,"participants":[{"uri":"192.168.127.95.tm64","state":"COMMITTING","expires":1525682250702,"resourceName":"atomikosConnectionFactoryCustomBeanAPI"}]}
{"id":"192.168.127.95.tm152568224067000064","wasCommitted":true,"participants":[{"uri":"192.168.127.95.tm64","state":"TERMINATED","expires":1525682251603,"resourceName":"atomikosConnectionFactoryCustomBeanAPI"}]}
{"id":"192.168.127.95.tm152568224170400065","wasCommitted":true,"participants":[{"uri":"192.168.127.95.tm65","state":"COMMITTING","expires":1525682251727,"resourceName":"atomikosConnectionFactoryCustomBeanAPI"}]}
{"id":"192.168.127.95.tm152568224170400065","wasCommitted":true,"participants":[{"uri":"192.168.127.95.tm65","state":"TERMINATED","expires":1525682252627,"resourceName":"atomikosConnectionFactoryCustomBeanAPI"}]}
{"id":"192.168.127.95.tm152568224272700066","wasCommitted":true,"participants":[{"uri":"192.168.127.95.tm66","state":"COMMITTING","expires":1525682252728,"resourceName":"atomikosConnectionFactoryCustomBeanAPI"}]}
{"id":"192.168.127.95.tm152568224272700066","wasCommitted":true,"participants":[{"uri":"192.168.127.95.tm66","state":"TERMINATED","expires":1525682253628,"resourceName":"atomikosConnectionFactoryCustomBeanAPI"}]}
{"id":"192.168.127.95.tm152568224372800067","wasCommitted":true,"participants":[{"uri":"192.168.127.95.tm67","state":"COMMITTING","expires":1525682253732,"resourceName":"atomikosConnectionFactoryCustomBeanAPI"}]}
{"id":"192.168.127.95.tm152568224372800067","wasCommitted":true,"participants":[{"uri":"192.168.127.95.tm67","state":"TERMINATED","expires":1525682254632,"resourceName":"atomikosConnectionFactoryCustomBeanAPI"}]}
{"id":"192.168.127.95.tm152568224473200068","wasCommitted":true,"participants":[{"uri":"192.168.127.95.tm68","state":"COMMITTING","expires":1525682254734,"resourceName":"atomikosConnectionFactoryCustomBeanAPI"}]}
{"id":"192.168.127.95.tm152568224473200068","wasCommitted":true,"participants":[{"uri":"192.168.127.95.tm68","state":"TERMINATED","expires":1525682255634,"resourceName":"atomikosConnectionFactoryCustomBeanAPI"}]}
{"id":"192.168.127.95.tm152568224573400069","wasCommitted":true,"participants":[{"uri":"192.168.127.95.tm69","state":"COMMITTING","expires":1525682255735,"resourceName":"atomikosConnectionFactoryCustomBeanAPI"}]}
{"id":"192.168.127.95.tm152568224573400069","wasCommitted":true,"participants":[{"uri":"192.168.127.95.tm69","state":"TERMINATED","expires":1525682256635,"resourceName":"atomikosConnectionFactoryCustomBeanAPI"}]}
{"id":"192.168.127.95.tm152568224673500070","wasCommitted":true,"participants":[{"uri":"192.168.127.95.tm70","state":"COMMITTING","expires":1525682256737,"resourceName":"atomikosConnectionFactoryCustomBeanAPI"}]}
{"id":"192.168.127.95.tm152568224673500070","wasCommitted":true,"participants":[{"uri":"192.168.127.95.tm70","state":"TERMINATED","expires":1525682257637,"resourceName":"atomikosConnectionFactoryCustomBeanAPI"}]}
{"id":"192.168.127.95.tm152568224773700071","wasCommitted":true,"participants":[{"uri":"192.168.127.95.tm71","state":"COMMITTING","expires":1525682257747,"resourceName":"atomikosConnectionFactoryCustomBeanAPI"}]}
{"id":"192.168.127.95.tm152568224773700071","wasCommitted":true,"participants":[{"uri":"192.168.127.95.tm71","state":"TERMINATED","expires":1525682258647,"resourceName":"atomikosConnectionFactoryCustomBeanAPI"}]}
{"id":"192.168.127.95.tm152568224874700072","wasCommitted":true,"participants":[{"uri":"192.168.127.95.tm72","state":"COMMITTING","expires":1525682258777,"resourceName":"atomikosConnectionFactoryCustomBeanAPI"}]}
{"id":"192.168.127.95.tm152568224874700072","wasCommitted":true,"participants":[{"uri":"192.168.127.95.tm72","state":"TERMINATED","expires":1525682259677,"resourceName":"atomikosConnectionFactoryCustomBeanAPI"}]}
{"id":"192.168.127.95.tm152568224977700073","wasCommitted":true,"participants":[{"uri":"192.168.127.95.tm73","state":"COMMITTING","expires":1525682259783,"resourceName":"atomikosConnectionFactoryCustomBeanAPI"}]}
{"id":"192.168.127.95.tm152568224977700073","wasCommitted":true,"participants":[{"uri":"192.168.127.95.tm73","state":"TERMINATED","expires":1525682260684,"resourceName":"atomikosConnectionFactoryCustomBeanAPI"}]}
{"id":"192.168.127.95.tm152568225078500074","wasCommitted":true,"participants":[{"uri":"192.168.127.95.tm74","state":"COMMITTING","expires":1525682260834,"resourceName":"atomikosConnectionFactoryCustomBeanAPI"}]}
{"id":"192.168.127.95.tm152568225078500074","wasCommitted":true,"participants":[{"uri":"192.168.127.95.tm74","state":"TERMINATED","expires":1525682261737,"resourceName":"atomikosConnectionFactoryCustomBeanAPI"}]}
{"id":"192.168.127.95.tm152568225183700075","wasCommitted":true,"participants":[{"uri":"192.168.127.95.tm75","state":"COMMITTING","expires":1525682261849,"resourceName":"atomikosConnectionFactoryCustomBeanAPI"}]}
{"id":"192.168.127.95.tm152568225183700075","wasCommitted":true,"participants":[{"uri":"192.168.127.95.tm75","state":"TERMINATED","expires":1525682262750,"resourceName":"atomikosConnectionFactoryCustomBeanAPI"}]}
{"id":"192.168.127.95.tm152568225285100076","wasCommitted":true,"participants":[{"uri":"192.168.127.95.tm76","state":"COMMITTING","expires":1525682262882,"resourceName":"atomikosConnectionFactoryCustomBeanAPI"}]}
{"id":"192.168.127.95.tm152568225285100076","wasCommitted":true,"participants":[{"uri":"192.168.127.95.tm76","state":"TERMINATED","expires":1525682263782,"resourceName":"atomikosConnectionFactoryCustomBeanAPI"}]}
{"id":"192.168.127.95.tm152568225415800078","wasCommitted":true,"participants":[{"uri":"192.168.127.95.tm78","state":"COMMITTING","expires":1525682264060,"resourceName":"postgresDatasourceCustomBean"}]}
{"id":"192.168.127.95.tm152568225415800078","wasCommitted":true,"participants":[{"uri":"192.168.127.95.tm78","state":"TERMINATED","expires":1525682264060,"resourceName":"postgresDatasourceCustomBean"}]}
{"id":"192.168.127.95.tm152568225388200077","wasCommitted":true,"participants":[{"uri":"192.168.127.95.tm77","state":"COMMITTING","expires":1525682263899,"resourceName":"atomikosConnectionFactoryCustomBeanAPI"}]}
{"id":"192.168.127.95.tm152568225388200077","wasCommitted":true,"participants":[{"uri":"192.168.127.95.tm77","state":"TERMINATED","expires":1525682264799,"resourceName":"atomikosConnectionFactoryCustomBeanAPI"}]}
{"id":"192.168.127.95.tm152568225489900079","wasCommitted":true,"participants":[{"uri":"192.168.127.95.tm79","state":"COMMITTING","expires":1525682264910,"resourceName":"atomikosConnectionFactoryCustomBeanAPI"}]}
{"id":"192.168.127.95.tm152568225489900079","wasCommitted":true,"participants":[{"uri":"192.168.127.95.tm79","state":"TERMINATED","expires":1525682265811,"resourceName":"atomikosConnectionFactoryCustomBeanAPI"}]}
{"id":"192.168.127.95.tm152568225591200080","wasCommitted":true,"participants":[{"uri":"192.168.127.95.tm80","state":"COMMITTING","expires":1525682265926,"resourceName":"atomikosConnectionFactoryCustomBeanAPI"}]}
{"id":"192.168.127.95.tm152568225591200080","wasCommitted":true,"participants":[{"uri":"192.168.127.95.tm80","state":"TERMINATED","expires":1525682266827,"resourceName":"atomikosConnectionFactoryCustomBeanAPI"}]}
{"id":"192.168.127.95.tm152568225692700081","wasCommitted":true,"participants":[{"uri":"192.168.127.95.tm81","state":"COMMITTING","expires":1525682266941,"resourceName":"atomikosConnectionFactoryCustomBeanAPI"}]}
{"id":"192.168.127.95.tm152568225692700081","wasCommitted":true,"participants":[{"uri":"192.168.127.95.tm81","state":"TERMINATED","expires":1525682267842,"resourceName":"atomikosConnectionFactoryCustomBeanAPI"}]}
{"id":"192.168.127.95.tm152568225794200082","wasCommitted":true,"participants":[{"uri":"192.168.127.95.tm82","state":"COMMITTING","expires":1525682267957,"resourceName":"atomikosConnectionFactoryCustomBeanAPI"}]}
{"id":"192.168.127.95.tm152568225794200082","wasCommitted":true,"participants":[{"uri":"192.168.127.95.tm82","state":"TERMINATED","expires":1525682268857,"resourceName":"atomikosConnectionFactoryCustomBeanAPI"}]}
{"id":"192.168.127.95.tm152568225895700083","wasCommitted":true,"participants":[{"uri":"192.168.127.95.tm83","state":"COMMITTING","expires":1525682268957,"resourceName":"atomikosConnectionFactoryCustomBeanAPI"}]}
{"id":"192.168.127.95.tm152568225895700083","wasCommitted":true,"participants":[{"uri":"192.168.127.95.tm83","state":"TERMINATED","expires":1525682269858,"resourceName":"atomikosConnectionFactoryCustomBeanAPI"}]}
{"id":"192.168.127.95.tm152568225995800084","wasCommitted":true,"participants":[{"uri":"192.168.127.95.tm84","state":"COMMITTING","expires":1525682269984,"resourceName":"atomikosConnectionFactoryCustomBeanAPI"}]}
{"id":"192.168.127.95.tm152568225995800084","wasCommitted":true,"participants":[{"uri":"192.168.127.95.tm84","state":"TERMINATED","expires":1525682270885,"resourceName":"atomikosConnectionFactoryCustomBeanAPI"}]}
{"id":"192.168.127.95.tm152568226098600085","wasCommitted":true,"participants":[{"uri":"192.168.127.95.tm85","state":"COMMITTING","expires":1525682271003,"resourceName":"atomikosConnectionFactoryCustomBeanAPI"}]}
{"id":"192.168.127.95.tm152568226098600085","wasCommitted":true,"participants":[{"uri":"192.168.127.95.tm85","state":"TERMINATED","expires":1525682271904,"resourceName":"atomikosConnectionFactoryCustomBeanAPI"}]}
{"id":"192.168.127.95.tm152568226200400086","wasCommitted":true,"participants":[{"uri":"192.168.127.95.tm86","state":"COMMITTING","expires":1525682272014,"resourceName":"atomikosConnectionFactoryCustomBeanAPI"}]}
{"id":"192.168.127.95.tm152568226200400086","wasCommitted":true,"participants":[{"uri":"192.168.127.95.tm86","state":"TERMINATED","expires":1525682272915,"resourceName":"atomikosConnectionFactoryCustomBeanAPI"}]}
{"id":"192.168.127.95.tm152568226301600087","wasCommitted":true,"participants":[{"uri":"192.168.127.95.tm87","state":"COMMITTING","expires":1525682273040,"resourceName":"atomikosConnectionFactoryCustomBeanAPI"}]}
{"id":"192.168.127.95.tm152568226301600087","wasCommitted":true,"participants":[{"uri":"192.168.127.95.tm87","state":"TERMINATED","expires":1525682273941,"resourceName":"atomikosConnectionFactoryCustomBeanAPI"}]}
{"id":"192.168.127.95.tm152568226404200088","wasCommitted":true,"participants":[{"uri":"192.168.127.95.tm88","state":"COMMITTING","expires":1525682273964,"resourceName":"atomikosConnectionFactoryCustomBeanAPI"}]}
{"id":"192.168.127.95.tm152568226404200088","wasCommitted":true,"participants":[{"uri":"192.168.127.95.tm88","state":"TERMINATED","expires":1525682275015,"resourceName":"atomikosConnectionFactoryCustomBeanAPI"}]}
{"id":"192.168.127.95.tm152568226511600089","wasCommitted":true,"participants":[{"uri":"192.168.127.95.tm89","state":"COMMITTING","expires":1525682275057,"resourceName":"atomikosConnectionFactoryCustomBeanAPI"}]}
{"id":"192.168.127.95.tm152568226511600089","wasCommitted":true,"participants":[{"uri":"192.168.127.95.tm89","state":"TERMINATED","expires":1525682276108,"resourceName":"atomikosConnectionFactoryCustomBeanAPI"}]}
{"id":"192.168.127.95.tm152568226620800090","wasCommitted":true,"participants":[{"uri":"192.168.127.95.tm90","state":"COMMITTING","expires":1525682276211,"resourceName":"atomikosConnectionFactoryCustomBeanAPI"}]}
{"id":"192.168.127.95.tm152568226620800090","wasCommitted":true,"participants":[{"uri":"192.168.127.95.tm90","state":"TERMINATED","expires":1525682277112,"resourceName":"atomikosConnectionFactoryCustomBeanAPI"}]}
{"id":"192.168.127.95.tm152568226721300091","wasCommitted":true,"participants":[{"uri":"192.168.127.95.tm91","state":"COMMITTING","expires":1525682277217,"resourceName":"atomikosConnectionFactoryCustomBeanAPI"}]}
{"id":"192.168.127.95.tm152568226721300091","wasCommitted":true,"participants":[{"uri":"192.168.127.95.tm91","state":"TERMINATED","expires":1525682278117,"resourceName":"atomikosConnectionFactoryCustomBeanAPI"}]}
{"id":"192.168.127.95.tm152568226821700092","wasCommitted":true,"participants":[{"uri":"192.168.127.95.tm92","state":"COMMITTING","expires":1525682278223,"resourceName":"atomikosConnectionFactoryCustomBeanAPI"}]}
{"id":"192.168.127.95.tm152568226821700092","wasCommitted":true,"participants":[{"uri":"192.168.127.95.tm92","state":"TERMINATED","expires":1525682279123,"resourceName":"atomikosConnectionFactoryCustomBeanAPI"}]}
{"id":"192.168.127.95.tm152568226922300093","wasCommitted":true,"participants":[{"uri":"192.168.127.95.tm93","state":"COMMITTING","expires":1525682279269,"resourceName":"atomikosConnectionFactoryCustomBeanAPI"}]}
{"id":"192.168.127.95.tm152568226922300093","wasCommitted":true,"participants":[{"uri":"192.168.127.95.tm93","state":"TERMINATED","expires":1525682280169,"resourceName":"atomikosConnectionFactoryCustomBeanAPI"}]}
{"id":"192.168.127.95.tm152568227027000094","wasCommitted":true,"participants":[{"uri":"192.168.127.95.tm94","state":"COMMITTING","expires":1525682280293,"resourceName":"atomikosConnectionFactoryCustomBeanAPI"}]}
{"id":"192.168.127.95.tm152568227027000094","wasCommitted":true,"participants":[{"uri":"192.168.127.95.tm94","state":"TERMINATED","expires":1525682281193,"resourceName":"atomikosConnectionFactoryCustomBeanAPI"}]}
{"id":"192.168.127.95.tm152568227129300095","wasCommitted":true,"participants":[{"uri":"192.168.127.95.tm95","state":"COMMITTING","expires":1525682281244,"resourceName":"atomikosConnectionFactoryCustomBeanAPI"}]}
{"id":"192.168.127.95.tm152568227129300095","wasCommitted":true,"participants":[{"uri":"192.168.127.95.tm95","state":"TERMINATED","expires":1525682282294,"resourceName":"atomikosConnectionFactoryCustomBeanAPI"}]}
{"id":"192.168.127.95.tm152568227239400096","wasCommitted":true,"participants":[{"uri":"192.168.127.95.tm96","state":"COMMITTING","expires":1525682282411,"resourceName":"atomikosConnectionFactoryCustomBeanAPI"}]}
{"id":"192.168.127.95.tm152568227239400096","wasCommitted":true,"participants":[{"uri":"192.168.127.95.tm96","state":"TERMINATED","expires":1525682283311,"resourceName":"atomikosConnectionFactoryCustomBeanAPI"}]}
{"id":"192.168.127.95.tm152568227341100097","wasCommitted":true,"participants":[{"uri":"192.168.127.95.tm97","state":"COMMITTING","expires":1525682283444,"resourceName":"atomikosConnectionFactoryCustomBeanAPI"}]}
{"id":"192.168.127.95.tm152568227341100097","wasCommitted":true,"participants":[{"uri":"192.168.127.95.tm97","state":"TERMINATED","expires":1525682284344,"resourceName":"atomikosConnectionFactoryCustomBeanAPI"}]}
{"id":"192.168.127.95.tm152568227444400098","wasCommitted":true,"participants":[{"uri":"192.168.127.95.tm98","state":"COMMITTING","expires":1525682284460,"resourceName":"atomikosConnectionFactoryCustomBeanAPI"}]}
{"id":"192.168.127.95.tm152568227444400098","wasCommitted":true,"participants":[{"uri":"192.168.127.95.tm98","state":"TERMINATED","expires":1525682285360,"resourceName":"atomikosConnectionFactoryCustomBeanAPI"}]}
{"id":"192.168.127.95.tm152568227546000099","wasCommitted":true,"participants":[{"uri":"192.168.127.95.tm99","state":"COMMITTING","expires":1525682285462,"resourceName":"atomikosConnectionFactoryCustomBeanAPI"}]}
{"id":"192.168.127.95.tm152568227546000099","wasCommitted":true,"participants":[{"uri":"192.168.127.95.tm99","state":"TERMINATED","expires":1525682286362,"resourceName":"atomikosConnectionFactoryCustomBeanAPI"}]}
{"id":"192.168.127.95.tm152568227646200100","wasCommitted":true,"participants":[{"uri":"192.168.127.95.tm100","state":"COMMITTING","expires":1525682286465,"resourceName":"atomikosConnectionFactoryCustomBeanAPI"}]}
{"id":"192.168.127.95.tm152568227646200100","wasCommitted":true,"participants":[{"uri":"192.168.127.95.tm100","state":"TERMINATED","expires":1525682287365,"resourceName":"atomikosConnectionFactoryCustomBeanAPI"}]}
{"id":"192.168.127.95.tm152568227746500101","wasCommitted":true,"participants":[{"uri":"192.168.127.95.tm101","state":"COMMITTING","expires":1525682287483,"resourceName":"atomikosConnectionFactoryCustomBeanAPI"}]}
{"id":"192.168.127.95.tm152568227746500101","wasCommitted":true,"participants":[{"uri":"192.168.127.95.tm101","state":"TERMINATED","expires":1525682288388,"resourceName":"atomikosConnectionFactoryCustomBeanAPI"}]}
{"id":"192.168.127.95.tm152568227848900102","wasCommitted":true,"participants":[{"uri":"192.168.127.95.tm102","state":"COMMITTING","expires":1525682288506,"resourceName":"atomikosConnectionFactoryCustomBeanAPI"}]}
{"id":"192.168.127.95.tm152568227848900102","wasCommitted":true,"participants":[{"uri":"192.168.127.95.tm102","state":"TERMINATED","expires":1525682289406,"resourceName":"atomikosConnectionFactoryCustomBeanAPI"}]}
{"id":"192.168.127.95.tm152568227950600103","wasCommitted":true,"participants":[{"uri":"192.168.127.95.tm103","state":"COMMITTING","expires":1525682289507,"resourceName":"atomikosConnectionFactoryCustomBeanAPI"}]}
{"id":"192.168.127.95.tm152568227950600103","wasCommitted":true,"participants":[{"uri":"192.168.127.95.tm103","state":"TERMINATED","expires":1525682290407,"resourceName":"atomikosConnectionFactoryCustomBeanAPI"}]}
{"id":"192.168.127.95.tm152568228050700104","wasCommitted":true,"participants":[{"uri":"192.168.127.95.tm104","state":"COMMITTING","expires":1525682290507,"resourceName":"atomikosConnectionFactoryCustomBeanAPI"}]}
{"id":"192.168.127.95.tm152568228050700104","wasCommitted":true,"participants":[{"uri":"192.168.127.95.tm104","state":"TERMINATED","expires":1525682291407,"resourceName":"atomikosConnectionFactoryCustomBeanAPI"}]}
{"id":"192.168.127.95.tm152568228150700105","wasCommitted":true,"participants":[{"uri":"192.168.127.95.tm105","state":"COMMITTING","expires":1525682291508,"resourceName":"atomikosConnectionFactoryCustomBeanAPI"}]}
{"id":"192.168.127.95.tm152568228150700105","wasCommitted":true,"participants":[{"uri":"192.168.127.95.tm105","state":"TERMINATED","expires":1525682292408,"resourceName":"atomikosConnectionFactoryCustomBeanAPI"}]}
{"id":"192.168.127.95.tm152568228250800106","wasCommitted":true,"participants":[{"uri":"192.168.127.95.tm106","state":"COMMITTING","expires":1525682292509,"resourceName":"atomikosConnectionFactoryCustomBeanAPI"}]}
{"id":"192.168.127.95.tm152568228250800106","wasCommitted":true,"participants":[{"uri":"192.168.127.95.tm106","state":"TERMINATED","expires":1525682293409,"resourceName":"atomikosConnectionFactoryCustomBeanAPI"}]}
{"id":"192.168.127.95.tm152568228350900107","wasCommitted":true,"participants":[{"uri":"192.168.127.95.tm107","state":"COMMITTING","expires":1525682293511,"resourceName":"atomikosConnectionFactoryCustomBeanAPI"}]}
{"id":"192.168.127.95.tm152568228350900107","wasCommitted":true,"participants":[{"uri":"192.168.127.95.tm107","state":"TERMINATED","expires":1525682294411,"resourceName":"atomikosConnectionFactoryCustomBeanAPI"}]}
{"id":"192.168.127.95.tm152568228451100108","wasCommitted":true,"participants":[{"uri":"192.168.127.95.tm108","state":"COMMITTING","expires":1525682294512,"resourceName":"atomikosConnectionFactoryCustomBeanAPI"}]}
{"id":"192.168.127.95.tm152568228451100108","wasCommitted":true,"participants":[{"uri":"192.168.127.95.tm108","state":"TERMINATED","expires":1525682295412,"resourceName":"atomikosConnectionFactoryCustomBeanAPI"}]}
{"id":"192.168.127.95.tm152568228551200109","wasCommitted":true,"participants":[{"uri":"192.168.127.95.tm109","state":"COMMITTING","expires":1525682295513,"resourceName":"atomikosConnectionFactoryCustomBeanAPI"}]}
{"id":"192.168.127.95.tm152568228551200109","wasCommitted":true,"participants":[{"uri":"192.168.127.95.tm109","state":"TERMINATED","expires":1525682296413,"resourceName":"atomikosConnectionFactoryCustomBeanAPI"}]}
{"id":"192.168.127.95.tm152568228651300110","wasCommitted":true,"participants":[{"uri":"192.168.127.95.tm110","state":"COMMITTING","expires":1525682296514,"resourceName":"atomikosConnectionFactoryCustomBeanAPI"}]}
{"id":"192.168.127.95.tm152568228651300110","wasCommitted":true,"participants":[{"uri":"192.168.127.95.tm110","state":"TERMINATED","expires":1525682297414,"resourceName":"atomikosConnectionFactoryCustomBeanAPI"}]}
{"id":"192.168.127.95.tm152568228751400111","wasCommitted":true,"participants":[{"uri":"192.168.127.95.tm111","state":"COMMITTING","expires":1525682297514,"resourceName":"atomikosConnectionFactoryCustomBeanAPI"}]}
{"id":"192.168.127.95.tm152568228751400111","wasCommitted":true,"participants":[{"uri":"192.168.127.95.tm111","state":"TERMINATED","expires":1525682298414,"resourceName":"atomikosConnectionFactoryCustomBeanAPI"}]}
{"id":"192.168.127.95.tm152568228851400112","wasCommitted":true,"participants":[{"uri":"192.168.127.95.tm112","state":"COMMITTING","expires":1525682298515,"resourceName":"atomikosConnectionFactoryCustomBeanAPI"}]}
{"id":"192.168.127.95.tm152568228851400112","wasCommitted":true,"participants":[{"uri":"192.168.127.95.tm112","state":"TERMINATED","expires":1525682299415,"resourceName":"atomikosConnectionFactoryCustomBeanAPI"}]}
{"id":"192.168.127.95.tm152568228951500113","wasCommitted":true,"participants":[{"uri":"192.168.127.95.tm113","state":"COMMITTING","expires":1525682299516,"resourceName":"atomikosConnectionFactoryCustomBeanAPI"}]}
{"id":"192.168.127.95.tm152568228951500113","wasCommitted":true,"participants":[{"uri":"192.168.127.95.tm113","state":"TERMINATED","expires":1525682300416,"resourceName":"atomikosConnectionFactoryCustomBeanAPI"}]}
{"id":"192.168.127.95.tm152568229051600114","wasCommitted":true,"participants":[{"uri":"192.168.127.95.tm114","state":"COMMITTING","expires":1525682300583,"resourceName":"atomikosConnectionFactoryCustomBeanAPI"}]}
{"id":"192.168.127.95.tm152568229051600114","wasCommitted":true,"participants":[{"uri":"192.168.127.95.tm114","state":"TERMINATED","expires":1525682301483,"resourceName":"atomikosConnectionFactoryCustomBeanAPI"}]}
{"id":"192.168.127.95.tm152568229158300115","wasCommitted":true,"participants":[{"uri":"192.168.127.95.tm115","state":"COMMITTING","expires":1525682301584,"resourceName":"atomikosConnectionFactoryCustomBeanAPI"}]}
{"id":"192.168.127.95.tm152568229158300115","wasCommitted":true,"participants":[{"uri":"192.168.127.95.tm115","state":"TERMINATED","expires":1525682302484,"resourceName":"atomikosConnectionFactoryCustomBeanAPI"}]}
{"id":"192.168.127.95.tm152568229258400116","wasCommitted":true,"participants":[{"uri":"192.168.127.95.tm116","state":"COMMITTING","expires":1525682302586,"resourceName":"atomikosConnectionFactoryCustomBeanAPI"}]}
{"id":"192.168.127.95.tm152568229258400116","wasCommitted":true,"participants":[{"uri":"192.168.127.95.tm116","state":"TERMINATED","expires":1525682303486,"resourceName":"atomikosConnectionFactoryCustomBeanAPI"}]}
{"id":"192.168.127.95.tm152568229358600117","wasCommitted":true,"participants":[{"uri":"192.168.127.95.tm117","state":"COMMITTING","expires":1525682303587,"resourceName":"atomikosConnectionFactoryCustomBeanAPI"}]}
{"id":"192.168.127.95.tm152568229358600117","wasCommitted":true,"participants":[{"uri":"192.168.127.95.tm117","state":"TERMINATED","expires":1525682304487,"resourceName":"atomikosConnectionFactoryCustomBeanAPI"}]}
{"id":"192.168.127.95.tm152568229458700118","wasCommitted":true,"participants":[{"uri":"192.168.127.95.tm118","state":"COMMITTING","expires":1525682304589,"resourceName":"atomikosConnectionFactoryCustomBeanAPI"}]}
{"id":"192.168.127.95.tm152568229458700118","wasCommitted":true,"participants":[{"uri":"192.168.127.95.tm118","state":"TERMINATED","expires":1525682305489,"resourceName":"atomikosConnectionFactoryCustomBeanAPI"}]}
{"id":"192.168.127.95.tm152568229558900119","wasCommitted":true,"participants":[{"uri":"192.168.127.95.tm119","state":"COMMITTING","expires":1525682305645,"resourceName":"atomikosConnectionFactoryCustomBeanAPI"}]}
{"id":"192.168.127.95.tm152568229558900119","wasCommitted":true,"participants":[{"uri":"192.168.127.95.tm119","state":"TERMINATED","expires":1525682306545,"resourceName":"atomikosConnectionFactoryCustomBeanAPI"}]}
{"id":"192.168.127.95.tm152568229664500120","wasCommitted":true,"participants":[{"uri":"192.168.127.95.tm120","state":"COMMITTING","expires":1525682306646,"resourceName":"atomikosConnectionFactoryCustomBeanAPI"}]}
{"id":"192.168.127.95.tm152568229664500120","wasCommitted":true,"participants":[{"uri":"192.168.127.95.tm120","state":"TERMINATED","expires":1525682307546,"resourceName":"atomikosConnectionFactoryCustomBeanAPI"}]}
{"id":"192.168.127.95.tm152568229764600121","wasCommitted":true,"participants":[{"uri":"192.168.127.95.tm121","state":"COMMITTING","expires":1525682307647,"resourceName":"atomikosConnectionFactoryCustomBeanAPI"}]}
{"id":"192.168.127.95.tm152568229764600121","wasCommitted":true,"participants":[{"uri":"192.168.127.95.tm121","state":"TERMINATED","expires":1525682308547,"resourceName":"atomikosConnectionFactoryCustomBeanAPI"}]}
{"id":"192.168.127.95.tm152568229864700122","wasCommitted":true,"participants":[{"uri":"192.168.127.95.tm122","state":"COMMITTING","expires":1525682308648,"resourceName":"atomikosConnectionFactoryCustomBeanAPI"}]}
{"id":"192.168.127.95.tm152568229864700122","wasCommitted":true,"participants":[{"uri":"192.168.127.95.tm122","state":"TERMINATED","expires":1525682309548,"resourceName":"atomikosConnectionFactoryCustomBeanAPI"}]}
{"id":"192.168.127.95.tm152568229964800123","wasCommitted":true,"participants":[{"uri":"192.168.127.95.tm123","state":"COMMITTING","expires":1525682309652,"resourceName":"atomikosConnectionFactoryCustomBeanAPI"}]}
{"id":"192.168.127.95.tm152568229964800123","wasCommitted":true,"participants":[{"uri":"192.168.127.95.tm123","state":"TERMINATED","expires":1525682310552,"resourceName":"atomikosConnectionFactoryCustomBeanAPI"}]}
{"id":"192.168.127.95.tm152568230065200124","wasCommitted":true,"participants":[{"uri":"192.168.127.95.tm124","state":"COMMITTING","expires":1525682310700,"resourceName":"atomikosConnectionFactoryCustomBeanAPI"}]}
{"id":"192.168.127.95.tm152568230065200124","wasCommitted":true,"participants":[{"uri":"192.168.127.95.tm124","state":"TERMINATED","expires":1525682311600,"resourceName":"atomikosConnectionFactoryCustomBeanAPI"}]}
{"id":"192.168.127.95.tm152568230170000125","wasCommitted":true,"participants":[{"uri":"192.168.127.95.tm125","state":"COMMITTING","expires":1525682311701,"resourceName":"atomikosConnectionFactoryCustomBeanAPI"}]}
{"id":"192.168.127.95.tm152568230170000125","wasCommitted":true,"participants":[{"uri":"192.168.127.95.tm125","state":"TERMINATED","expires":1525682312601,"resourceName":"atomikosConnectionFactoryCustomBeanAPI"}]}
{"id":"192.168.127.95.tm152568230270100126","wasCommitted":true,"participants":[{"uri":"192.168.127.95.tm126","state":"COMMITTING","expires":1525682312703,"resourceName":"atomikosConnectionFactoryCustomBeanAPI"}]}
{"id":"192.168.127.95.tm152568230270100126","wasCommitted":true,"participants":[{"uri":"192.168.127.95.tm126","state":"TERMINATED","expires":1525682313603,"resourceName":"atomikosConnectionFactoryCustomBeanAPI"}]}
{"id":"192.168.127.95.tm152568230370300127","wasCommitted":true,"participants":[{"uri":"192.168.127.95.tm127","state":"COMMITTING","expires":1525682313720,"resourceName":"atomikosConnectionFactoryCustomBeanAPI"}]}
{"id":"192.168.127.95.tm152568230370300127","wasCommitted":true,"participants":[{"uri":"192.168.127.95.tm127","state":"TERMINATED","expires":1525682314621,"resourceName":"atomikosConnectionFactoryCustomBeanAPI"}]}
{"id":"192.168.127.95.tm152568230472200128","wasCommitted":true,"participants":[{"uri":"192.168.127.95.tm128","state":"COMMITTING","expires":1525682314742,"resourceName":"atomikosConnectionFactoryCustomBeanAPI"}]}
{"id":"192.168.127.95.tm152568230472200128","wasCommitted":true,"participants":[{"uri":"192.168.127.95.tm128","state":"TERMINATED","expires":1525682315642,"resourceName":"atomikosConnectionFactoryCustomBeanAPI"}]}
{"id":"192.168.127.95.tm152568230574200129","wasCommitted":true,"participants":[{"uri":"192.168.127.95.tm129","state":"COMMITTING","expires":1525682315743,"resourceName":"atomikosConnectionFactoryCustomBeanAPI"}]}
{"id":"192.168.127.95.tm152568230574200129","wasCommitted":true,"participants":[{"uri":"192.168.127.95.tm129","state":"TERMINATED","expires":1525682316643,"resourceName":"atomikosConnectionFactoryCustomBeanAPI"}]}
{"id":"192.168.127.95.tm152568230674300130","wasCommitted":true,"participants":[{"uri":"192.168.127.95.tm130","state":"COMMITTING","expires":1525682316760,"resourceName":"atomikosConnectionFactoryCustomBeanAPI"}]}
{"id":"192.168.127.95.tm152568230674300130","wasCommitted":true,"participants":[{"uri":"192.168.127.95.tm130","state":"TERMINATED","expires":1525682317660,"resourceName":"atomikosConnectionFactoryCustomBeanAPI"}]}
{"id":"192.168.127.95.tm152568230776000131","wasCommitted":true,"participants":[{"uri":"192.168.127.95.tm131","state":"COMMITTING","expires":1525682317762,"resourceName":"atomikosConnectionFactoryCustomBeanAPI"}]}
{"id":"192.168.127.95.tm152568230776000131","wasCommitted":true,"participants":[{"uri":"192.168.127.95.tm131","state":"TERMINATED","expires":1525682318662,"resourceName":"atomikosConnectionFactoryCustomBeanAPI"}]}
{"id":"192.168.127.95.tm152568230876200132","wasCommitted":true,"participants":[{"uri":"192.168.127.95.tm132","state":"COMMITTING","expires":1525682318762,"resourceName":"atomikosConnectionFactoryCustomBeanAPI"}]}
{"id":"192.168.127.95.tm152568230876200132","wasCommitted":true,"participants":[{"uri":"192.168.127.95.tm132","state":"TERMINATED","expires":1525682319662,"resourceName":"atomikosConnectionFactoryCustomBeanAPI"}]}
